Determining if the pthread_create exist failed with the following output:
Change Dir: /home/carlos/CLionProjects/PruebaTest/cmake-build-debug/CMakeFiles/CMakeTmp

Run Build Command:"/usr/bin/make" "cmTC_36d67/fast"
/usr/bin/make -f CMakeFiles/cmTC_36d67.dir/build.make CMakeFiles/cmTC_36d67.dir/build
make[1]: se entra en el directorio '/home/carlos/CLionProjects/PruebaTest/cmake-build-debug/CMakeFiles/CMakeTmp'
Building C object CMakeFiles/cmTC_36d67.dir/CheckSymbolExists.c.o
/usr/bin/cc   -g -O0 --coverage -fprofile-arcs -ftest-coverage    -o CMakeFiles/cmTC_36d67.dir/CheckSymbolExists.c.o   -c /home/carlos/CLionProjects/PruebaTest/cmake-build-debug/CMakeFiles/CMakeTmp/CheckSymbolExists.c
Linking C executable cmTC_36d67
/home/carlos/.local/share/JetBrains/Toolbox/apps/CLion/ch-0/182.4892.24/bin/cmake/linux/bin/cmake -E cmake_link_script CMakeFiles/cmTC_36d67.dir/link.txt --verbose=1
/usr/bin/cc  -g -O0 --coverage -fprofile-arcs -ftest-coverage     CMakeFiles/cmTC_36d67.dir/CheckSymbolExists.c.o  -o cmTC_36d67 
CMakeFiles/cmTC_36d67.dir/CheckSymbolExists.c.o: En la funci√≥n `main':
/home/carlos/CLionProjects/PruebaTest/cmake-build-debug/CMakeFiles/CMakeTmp/CheckSymbolExists.c:8: referencia a `pthread_create' sin definir
collect2: error: ld returned 1 exit status
CMakeFiles/cmTC_36d67.dir/build.make:86: recipe for target 'cmTC_36d67' failed
make[1]: *** [cmTC_36d67] Error 1
make[1]: se sale del directorio '/home/carlos/CLionProjects/PruebaTest/cmake-build-debug/CMakeFiles/CMakeTmp'
Makefile:121: recipe for target 'cmTC_36d67/fast' failed
make: *** [cmTC_36d67/fast] Error 2

File /home/carlos/CLionProjects/PruebaTest/cmake-build-debug/CMakeFiles/CMakeTmp/CheckSymbolExists.c:
/* */
#include <pthread.h>

int main(int argc, char** argv)
{
  (void)argv;
#ifndef pthread_create
  return ((int*)(&pthread_create))[argc];
#else
  (void)argc;
  return 0;
#endif
}

Determining if the function pthread_create exists in the pthreads failed with the following output:
Change Dir: /home/carlos/CLionProjects/PruebaTest/cmake-build-debug/CMakeFiles/CMakeTmp

Run Build Command:"/usr/bin/make" "cmTC_5ba46/fast"
/usr/bin/make -f CMakeFiles/cmTC_5ba46.dir/build.make CMakeFiles/cmTC_5ba46.dir/build
make[1]: se entra en el directorio '/home/carlos/CLionProjects/PruebaTest/cmake-build-debug/CMakeFiles/CMakeTmp'
Building C object CMakeFiles/cmTC_5ba46.dir/CheckFunctionExists.c.o
/usr/bin/cc   -g -O0 --coverage -fprofile-arcs -ftest-coverage -DCHECK_FUNCTION_EXISTS=pthread_create   -o CMakeFiles/cmTC_5ba46.dir/CheckFunctionExists.c.o   -c /home/carlos/.local/share/JetBrains/Toolbox/apps/CLion/ch-0/182.4892.24/bin/cmake/linux/share/cmake-3.12/Modules/CheckFunctionExists.c
Linking C executable cmTC_5ba46
/home/carlos/.local/share/JetBrains/Toolbox/apps/CLion/ch-0/182.4892.24/bin/cmake/linux/bin/cmake -E cmake_link_script CMakeFiles/cmTC_5ba46.dir/link.txt --verbose=1
/usr/bin/cc  -g -O0 --coverage -fprofile-arcs -ftest-coverage -DCHECK_FUNCTION_EXISTS=pthread_create    CMakeFiles/cmTC_5ba46.dir/CheckFunctionExists.c.o  -o cmTC_5ba46 -lpthreads 
/usr/bin/ld: no se puede encontrar -lpthreads
collect2: error: ld returned 1 exit status
CMakeFiles/cmTC_5ba46.dir/build.make:86: recipe for target 'cmTC_5ba46' failed
make[1]: *** [cmTC_5ba46] Error 1
make[1]: se sale del directorio '/home/carlos/CLionProjects/PruebaTest/cmake-build-debug/CMakeFiles/CMakeTmp'
Makefile:121: recipe for target 'cmTC_5ba46/fast' failed
make: *** [cmTC_5ba46/fast] Error 2


